[0.514s] DEBUG:colcon:Command line arguments: ['/usr/bin/colcon', 'build']
[0.515s] DEBUG:colcon:Parsed command line arguments: Namespace(log_base=None, log_level=None, verb_name='build', build_base='build', install_base='install', merge_install=False, symlink_install=False, test_result_base=None, continue_on_error=False, executor='parallel', parallel_workers=16, event_handlers=None, ignore_user_meta=False, metas=['./colcon.meta'], base_paths=['.'], packages_ignore=None, packages_ignore_regex=None, paths=None, packages_up_to=None, packages_up_to_regex=None, packages_above=None, packages_above_and_dependencies=None, packages_above_depth=None, packages_select_by_dep=None, packages_skip_by_dep=None, packages_skip_up_to=None, packages_select_build_failed=False, packages_skip_build_finished=False, packages_select_test_failures=False, packages_skip_test_passed=False, packages_select=None, packages_skip=None, packages_select_regex=None, packages_skip_regex=None, packages_start=None, packages_end=None, allow_overriding=[], cmake_args=None, cmake_target=None, cmake_target_skip_unavailable=False, cmake_clean_cache=False, cmake_clean_first=False, cmake_force_configure=False, ament_cmake_args=None, catkin_cmake_args=None, catkin_skip_building_tests=False, verb_parser=<colcon_defaults.argument_parser.defaults.DefaultArgumentsDecorator object at 0x7cfe2bca6bf0>, verb_extension=<colcon_core.verb.build.BuildVerb object at 0x7cfe2bca66e0>, main=<bound method BuildVerb.main of <colcon_core.verb.build.BuildVerb object at 0x7cfe2bca66e0>>)
[1.209s] Level 1:colcon.colcon_core.package_discovery:discover_packages(colcon_meta) check parameters
[1.209s] Level 1:colcon.colcon_core.package_discovery:discover_packages(recursive) check parameters
[1.209s] Level 1:colcon.colcon_core.package_discovery:discover_packages(ignore) check parameters
[1.209s] Level 1:colcon.colcon_core.package_discovery:discover_packages(path) check parameters
[1.209s] Level 1:colcon.colcon_core.package_discovery:discover_packages(colcon_meta) discover
[1.210s] Level 1:colcon.colcon_core.package_discovery:discover_packages(recursive) discover
[1.210s] INFO:colcon.colcon_core.package_discovery:Crawling recursively for packages in '/home/tstaya/ros2_ws/src/mypkg'
[1.210s] Level 1:colcon.colcon_core.package_identification:_identify(.) by extensions ['ignore', 'ignore_ament_install']
[1.210s] Level 1:colcon.colcon_core.package_identification:_identify(.) by extension 'ignore'
[1.210s] Level 1:colcon.colcon_core.package_identification:_identify(.) by extension 'ignore_ament_install'
[1.210s] Level 1:colcon.colcon_core.package_identification:_identify(.) by extensions ['colcon_pkg']
[1.210s] Level 1:colcon.colcon_core.package_identification:_identify(.) by extension 'colcon_pkg'
[1.210s] Level 1:colcon.colcon_core.package_identification:_identify(.) by extensions ['colcon_meta']
[1.210s] Level 1:colcon.colcon_core.package_identification:_identify(.) by extension 'colcon_meta'
[1.211s] Level 1:colcon.colcon_core.package_identification:_identify(.) by extensions ['ros']
[1.211s] Level 1:colcon.colcon_core.package_identification:_identify(.) by extension 'ros'
[1.250s] DEBUG:colcon.colcon_core.package_identification:Package '.' with type 'ros.ament_python' and name 'mypkg'
[1.250s] Level 1:colcon.colcon_core.package_discovery:discover_packages(recursive) using defaults
[1.250s] Level 1:colcon.colcon_core.package_discovery:discover_packages(ignore) discover
[1.251s] Level 1:colcon.colcon_core.package_discovery:discover_packages(ignore) using defaults
[1.251s] Level 1:colcon.colcon_core.package_discovery:discover_packages(path) discover
[1.251s] Level 1:colcon.colcon_core.package_discovery:discover_packages(path) using defaults
[1.305s] Level 1:colcon.colcon_core.package_discovery:discover_packages(prefix_path) check parameters
[1.305s] Level 1:colcon.colcon_core.package_discovery:discover_packages(prefix_path) discover
[1.315s] DEBUG:colcon.colcon_installed_package_information.package_discovery:Found 1 installed packages in /home/tstaya/ros2_ws/install
[1.319s] DEBUG:colcon.colcon_installed_package_information.package_discovery:Found 271 installed packages in /opt/ros/humble
[1.322s] Level 1:colcon.colcon_core.package_discovery:discover_packages(prefix_path) using defaults
[1.533s] Level 5:colcon.colcon_core.verb:set package 'mypkg' build argument 'cmake_args' from command line to 'None'
[1.533s] Level 5:colcon.colcon_core.verb:set package 'mypkg' build argument 'cmake_target' from command line to 'None'
[1.533s] Level 5:colcon.colcon_core.verb:set package 'mypkg' build argument 'cmake_target_skip_unavailable' from command line to 'False'
[1.533s] Level 5:colcon.colcon_core.verb:set package 'mypkg' build argument 'cmake_clean_cache' from command line to 'False'
[1.533s] Level 5:colcon.colcon_core.verb:set package 'mypkg' build argument 'cmake_clean_first' from command line to 'False'
[1.534s] Level 5:colcon.colcon_core.verb:set package 'mypkg' build argument 'cmake_force_configure' from command line to 'False'
[1.534s] Level 5:colcon.colcon_core.verb:set package 'mypkg' build argument 'ament_cmake_args' from command line to 'None'
[1.534s] Level 5:colcon.colcon_core.verb:set package 'mypkg' build argument 'catkin_cmake_args' from command line to 'None'
[1.534s] Level 5:colcon.colcon_core.verb:set package 'mypkg' build argument 'catkin_skip_building_tests' from command line to 'False'
[1.534s] DEBUG:colcon.colcon_core.verb:Building package 'mypkg' with the following arguments: {'ament_cmake_args': None, 'build_base': '/home/tstaya/ros2_ws/src/mypkg/build/mypkg', 'catkin_cmake_args': None, 'catkin_skip_building_tests': False, 'cmake_args': None, 'cmake_clean_cache': False, 'cmake_clean_first': False, 'cmake_force_configure': False, 'cmake_target': None, 'cmake_target_skip_unavailable': False, 'install_base': '/home/tstaya/ros2_ws/src/mypkg/install/mypkg', 'merge_install': False, 'path': '/home/tstaya/ros2_ws/src/mypkg', 'symlink_install': False, 'test_result_base': None}
[1.534s] INFO:colcon.colcon_core.executor:Executing jobs using 'parallel' executor
[1.536s] DEBUG:colcon.colcon_parallel_executor.executor.parallel:run_until_complete
[1.537s] INFO:colcon.colcon_ros.task.ament_python.build:Building ROS package in '/home/tstaya/ros2_ws/src/mypkg' with build type 'ament_python'
[1.537s] Level 1:colcon.colcon_core.shell:create_environment_hook('mypkg', 'ament_prefix_path')
[1.549s] INFO:colcon.colcon_core.plugin_system:Skipping extension 'colcon_core.shell.bat': Not used on non-Windows systems
[1.550s] INFO:colcon.colcon_core.shell:Creating environment hook '/home/tstaya/ros2_ws/src/mypkg/install/mypkg/share/mypkg/hook/ament_prefix_path.ps1'
[1.555s] INFO:colcon.colcon_core.shell:Creating environment descriptor '/home/tstaya/ros2_ws/src/mypkg/install/mypkg/share/mypkg/hook/ament_prefix_path.dsv'
[1.557s] INFO:colcon.colcon_core.shell:Creating environment hook '/home/tstaya/ros2_ws/src/mypkg/install/mypkg/share/mypkg/hook/ament_prefix_path.sh'
[1.559s] INFO:colcon.colcon_core.shell:Skip shell extension 'powershell' for command environment: Not usable outside of PowerShell
[1.559s] DEBUG:colcon.colcon_core.shell:Skip shell extension 'dsv' for command environment
[2.056s] INFO:colcon.colcon_core.task.python.build:Building Python package in '/home/tstaya/ros2_ws/src/mypkg'
[2.056s] INFO:colcon.colcon_core.shell:Skip shell extension 'powershell' for command environment: Not usable outside of PowerShell
[2.057s] DEBUG:colcon.colcon_core.shell:Skip shell extension 'dsv' for command environment
[2.775s] DEBUG:colcon.colcon_core.event_handler.log_command:Invoking command in '/home/tstaya/ros2_ws/src/mypkg': CONDA_PROMPT_MODIFIER=(base) PYTHONPATH=/home/tstaya/ros2_ws/src/mypkg/build/mypkg/prefix_override:/usr/lib/python3/dist-packages/colcon_core/task/python/colcon_distutils_commands:/home/tstaya/ros2_ws/src/mypkg/install/mypkg/lib/python3.10/site-packages:${PYTHONPATH} /usr/bin/python3 -W ignore:setup.py install is deprecated -W ignore:easy_install command is deprecated setup.py egg_info --egg-base build/mypkg build --build-base /home/tstaya/ros2_ws/src/mypkg/build/mypkg/build install --record /home/tstaya/ros2_ws/src/mypkg/build/mypkg/install.log --single-version-externally-managed install_data
[3.341s] DEBUG:colcon.colcon_core.event_handler.log_command:Invoked command in '/home/tstaya/ros2_ws/src/mypkg' returned '0': CONDA_PROMPT_MODIFIER=(base) PYTHONPATH=/home/tstaya/ros2_ws/src/mypkg/build/mypkg/prefix_override:/usr/lib/python3/dist-packages/colcon_core/task/python/colcon_distutils_commands:/home/tstaya/ros2_ws/src/mypkg/install/mypkg/lib/python3.10/site-packages:${PYTHONPATH} /usr/bin/python3 -W ignore:setup.py install is deprecated -W ignore:easy_install command is deprecated setup.py egg_info --egg-base build/mypkg build --build-base /home/tstaya/ros2_ws/src/mypkg/build/mypkg/build install --record /home/tstaya/ros2_ws/src/mypkg/build/mypkg/install.log --single-version-externally-managed install_data
[3.355s] Level 1:colcon.colcon_core.environment:checking '/home/tstaya/ros2_ws/src/mypkg/install/mypkg' for CMake module files
[3.357s] Level 1:colcon.colcon_core.environment:checking '/home/tstaya/ros2_ws/src/mypkg/install/mypkg' for CMake config files
[3.358s] Level 1:colcon.colcon_core.environment:checking '/home/tstaya/ros2_ws/src/mypkg/install/mypkg/lib'
[3.358s] Level 1:colcon.colcon_core.environment:checking '/home/tstaya/ros2_ws/src/mypkg/install/mypkg/bin'
[3.359s] Level 1:colcon.colcon_core.environment:checking '/home/tstaya/ros2_ws/src/mypkg/install/mypkg/lib/pkgconfig/mypkg.pc'
[3.359s] Level 1:colcon.colcon_core.environment:checking '/home/tstaya/ros2_ws/src/mypkg/install/mypkg/lib/python3.10/site-packages'
[3.359s] Level 1:colcon.colcon_core.shell:create_environment_hook('mypkg', 'pythonpath')
[3.360s] INFO:colcon.colcon_core.shell:Creating environment hook '/home/tstaya/ros2_ws/src/mypkg/install/mypkg/share/mypkg/hook/pythonpath.ps1'
[3.361s] INFO:colcon.colcon_core.shell:Creating environment descriptor '/home/tstaya/ros2_ws/src/mypkg/install/mypkg/share/mypkg/hook/pythonpath.dsv'
[3.361s] INFO:colcon.colcon_core.shell:Creating environment hook '/home/tstaya/ros2_ws/src/mypkg/install/mypkg/share/mypkg/hook/pythonpath.sh'
[3.363s] Level 1:colcon.colcon_core.environment:checking '/home/tstaya/ros2_ws/src/mypkg/install/mypkg/bin'
[3.363s] Level 1:colcon.colcon_core.environment:create_environment_scripts_only(mypkg)
[3.363s] INFO:colcon.colcon_core.shell:Creating package script '/home/tstaya/ros2_ws/src/mypkg/install/mypkg/share/mypkg/package.ps1'
[3.366s] INFO:colcon.colcon_core.shell:Creating package descriptor '/home/tstaya/ros2_ws/src/mypkg/install/mypkg/share/mypkg/package.dsv'
[3.368s] INFO:colcon.colcon_core.shell:Creating package script '/home/tstaya/ros2_ws/src/mypkg/install/mypkg/share/mypkg/package.sh'
[3.370s] INFO:colcon.colcon_core.shell:Creating package script '/home/tstaya/ros2_ws/src/mypkg/install/mypkg/share/mypkg/package.bash'
[3.372s] INFO:colcon.colcon_core.shell:Creating package script '/home/tstaya/ros2_ws/src/mypkg/install/mypkg/share/mypkg/package.zsh'
[3.374s] Level 1:colcon.colcon_core.environment:create_file_with_runtime_dependencies(/home/tstaya/ros2_ws/src/mypkg/install/mypkg/share/colcon-core/packages/mypkg)
[3.376s] DEBUG:colcon.colcon_parallel_executor.executor.parallel:closing loop
[3.378s] DEBUG:colcon.colcon_parallel_executor.executor.parallel:loop closed
[3.378s] DEBUG:colcon.colcon_parallel_executor.executor.parallel:run_until_complete finished with '0'
[3.378s] DEBUG:colcon.colcon_core.event_reactor:joining thread
[3.478s] INFO:colcon.colcon_core.plugin_system:Skipping extension 'colcon_notification.desktop_notification.notify_send': Could not find 'notify-send'
[3.478s] INFO:colcon.colcon_core.plugin_system:Skipping extension 'colcon_notification.desktop_notification.terminal_notifier': Not used on non-Darwin systems
[3.478s] INFO:colcon.colcon_core.plugin_system:Skipping extension 'colcon_notification.desktop_notification.win32': Not used on non-Windows systems
[3.479s] INFO:colcon.colcon_notification.desktop_notification:Sending desktop notification using 'notify2'
[3.479s] DEBUG:colcon.colcon_notification.desktop_notification.notify2:Failed to initialize notify2: org.freedesktop.DBus.Error.FileNotFound: Failed to connect to socket /run/user/1000/bus: No such file or directory
[3.479s] DEBUG:colcon.colcon_core.event_reactor:joined thread
[3.480s] INFO:colcon.colcon_core.shell:Creating prefix script '/home/tstaya/ros2_ws/src/mypkg/install/local_setup.ps1'
[3.483s] INFO:colcon.colcon_core.shell:Creating prefix util module '/home/tstaya/ros2_ws/src/mypkg/install/_local_setup_util_ps1.py'
[3.485s] INFO:colcon.colcon_core.shell:Creating prefix chain script '/home/tstaya/ros2_ws/src/mypkg/install/setup.ps1'
[3.488s] INFO:colcon.colcon_core.shell:Creating prefix script '/home/tstaya/ros2_ws/src/mypkg/install/local_setup.sh'
[3.490s] INFO:colcon.colcon_core.shell:Creating prefix util module '/home/tstaya/ros2_ws/src/mypkg/install/_local_setup_util_sh.py'
[3.491s] INFO:colcon.colcon_core.shell:Creating prefix chain script '/home/tstaya/ros2_ws/src/mypkg/install/setup.sh'
[3.493s] INFO:colcon.colcon_core.shell:Creating prefix script '/home/tstaya/ros2_ws/src/mypkg/install/local_setup.bash'
[3.495s] INFO:colcon.colcon_core.shell:Creating prefix chain script '/home/tstaya/ros2_ws/src/mypkg/install/setup.bash'
[3.497s] INFO:colcon.colcon_core.shell:Creating prefix script '/home/tstaya/ros2_ws/src/mypkg/install/local_setup.zsh'
[3.499s] INFO:colcon.colcon_core.shell:Creating prefix chain script '/home/tstaya/ros2_ws/src/mypkg/install/setup.zsh'
