[1.236s] Invoking command in '/home/tstaya/ros2_ws/src/mypkg': CONDA_PROMPT_MODIFIER=(base) PYTHONPATH=/home/tstaya/ros2_ws/src/mypkg/build/mypkg/prefix_override:/usr/lib/python3/dist-packages/colcon_core/task/python/colcon_distutils_commands:/home/tstaya/ros2_ws/src/mypkg/install/mypkg/lib/python3.10/site-packages:${PYTHONPATH} /usr/bin/python3 -W ignore:setup.py install is deprecated -W ignore:easy_install command is deprecated setup.py egg_info --egg-base build/mypkg build --build-base /home/tstaya/ros2_ws/src/mypkg/build/mypkg/build install --record /home/tstaya/ros2_ws/src/mypkg/build/mypkg/install.log --single-version-externally-managed install_data
[1.669s] running egg_info
[1.670s] creating build/mypkg/mypkg.egg-info
[1.672s] writing build/mypkg/mypkg.egg-info/PKG-INFO
[1.673s] writing dependency_links to build/mypkg/mypkg.egg-info/dependency_links.txt
[1.673s] writing entry points to build/mypkg/mypkg.egg-info/entry_points.txt
[1.673s] writing requirements to build/mypkg/mypkg.egg-info/requires.txt
[1.674s] writing top-level names to build/mypkg/mypkg.egg-info/top_level.txt
[1.674s] writing manifest file 'build/mypkg/mypkg.egg-info/SOURCES.txt'
[1.685s] reading manifest file 'build/mypkg/mypkg.egg-info/SOURCES.txt'
[1.686s] writing manifest file 'build/mypkg/mypkg.egg-info/SOURCES.txt'
[1.687s] running build
[1.687s] running build_py
[1.687s] creating /home/tstaya/ros2_ws/src/mypkg/build/mypkg/build
[1.688s] creating /home/tstaya/ros2_ws/src/mypkg/build/mypkg/build/lib
[1.689s] creating /home/tstaya/ros2_ws/src/mypkg/build/mypkg/build/lib/mypkg
[1.690s] copying mypkg/talker.py -> /home/tstaya/ros2_ws/src/mypkg/build/mypkg/build/lib/mypkg
[1.692s] copying mypkg/__init__.py -> /home/tstaya/ros2_ws/src/mypkg/build/mypkg/build/lib/mypkg
[1.693s] copying mypkg/listener.py -> /home/tstaya/ros2_ws/src/mypkg/build/mypkg/build/lib/mypkg
[1.693s] running install
[1.694s] running install_lib
[1.695s] creating /home/tstaya/ros2_ws/src/mypkg/install/mypkg/lib/python3.10/site-packages/mypkg
[1.697s] copying /home/tstaya/ros2_ws/src/mypkg/build/mypkg/build/lib/mypkg/talker.py -> /home/tstaya/ros2_ws/src/mypkg/install/mypkg/lib/python3.10/site-packages/mypkg
[1.697s] copying /home/tstaya/ros2_ws/src/mypkg/build/mypkg/build/lib/mypkg/__init__.py -> /home/tstaya/ros2_ws/src/mypkg/install/mypkg/lib/python3.10/site-packages/mypkg
[1.697s] copying /home/tstaya/ros2_ws/src/mypkg/build/mypkg/build/lib/mypkg/listener.py -> /home/tstaya/ros2_ws/src/mypkg/install/mypkg/lib/python3.10/site-packages/mypkg
[1.699s] byte-compiling /home/tstaya/ros2_ws/src/mypkg/install/mypkg/lib/python3.10/site-packages/mypkg/talker.py to talker.cpython-310.pyc
[1.701s] byte-compiling /home/tstaya/ros2_ws/src/mypkg/install/mypkg/lib/python3.10/site-packages/mypkg/__init__.py to __init__.cpython-310.pyc
[1.702s] byte-compiling /home/tstaya/ros2_ws/src/mypkg/install/mypkg/lib/python3.10/site-packages/mypkg/listener.py to listener.cpython-310.pyc
[1.702s] running install_data
[1.702s] creating /home/tstaya/ros2_ws/src/mypkg/install/mypkg/share/ament_index
[1.703s] creating /home/tstaya/ros2_ws/src/mypkg/install/mypkg/share/ament_index/resource_index
[1.704s] creating /home/tstaya/ros2_ws/src/mypkg/install/mypkg/share/ament_index/resource_index/packages
[1.705s] copying resource/mypkg -> /home/tstaya/ros2_ws/src/mypkg/install/mypkg/share/ament_index/resource_index/packages
[1.708s] copying package.xml -> /home/tstaya/ros2_ws/src/mypkg/install/mypkg/share/mypkg
[1.709s] running install_egg_info
[1.713s] Copying build/mypkg/mypkg.egg-info to /home/tstaya/ros2_ws/src/mypkg/install/mypkg/lib/python3.10/site-packages/mypkg-0.0.0-py3.10.egg-info
[1.719s] running install_scripts
[1.759s] Installing listener script to /home/tstaya/ros2_ws/src/mypkg/install/mypkg/lib/mypkg
[1.760s] Installing talker script to /home/tstaya/ros2_ws/src/mypkg/install/mypkg/lib/mypkg
[1.761s] writing list of installed files to '/home/tstaya/ros2_ws/src/mypkg/build/mypkg/install.log'
[1.802s] Invoked command in '/home/tstaya/ros2_ws/src/mypkg' returned '0': CONDA_PROMPT_MODIFIER=(base) PYTHONPATH=/home/tstaya/ros2_ws/src/mypkg/build/mypkg/prefix_override:/usr/lib/python3/dist-packages/colcon_core/task/python/colcon_distutils_commands:/home/tstaya/ros2_ws/src/mypkg/install/mypkg/lib/python3.10/site-packages:${PYTHONPATH} /usr/bin/python3 -W ignore:setup.py install is deprecated -W ignore:easy_install command is deprecated setup.py egg_info --egg-base build/mypkg build --build-base /home/tstaya/ros2_ws/src/mypkg/build/mypkg/build install --record /home/tstaya/ros2_ws/src/mypkg/build/mypkg/install.log --single-version-externally-managed install_data
